<?xml version="1.0" encoding="UTF-8"?>
<!-- Generated by org.testng.reporters.JUnitReportReporter -->
<testsuite hostname="BDC6-DX-6BS9NK2" name="POM.Pgtest" tests="1" failures="0" timestamp="20 Nov 2019 06:46:35 GMT" time="17.707" errors="0">
  <testcase name="f" time="17.707" classname="POM.Pgtest"/>
</testsuite> <!-- POM.Pgtest -->
